import { createEvent as __stencil_createEvent } from "@stencil/core";
import { getConnect as __stencil_getConnect } from "@stencil/core";
import { getContext as __stencil_getContext } from "@stencil/core";
import { getElement as __stencil_getElement } from "@stencil/core";
import { Host as __stencil_Host } from "@stencil/core";
import { h as __stencil_h } from "@stencil/core";
import { registerInstance as __stencil_registerInstance } from "@stencil/core";
import { h, Host } from '@stencil/core';
export class Portal {
    constructor(hostRef) {
        __stencil_registerInstance(this, hostRef);
        this.getContainer = (ownerDocument) => {
            if (this.container) {
                return typeof this.container === 'string' ? ownerDocument.querySelector(this.container) : this.container;
            }
            return ownerDocument.body;
        };
        this.parent = null;
        this.project = () => {
            if (!this.projected) {
                let content = [];
                if (this.parent) {
                    content = [...Array.from(this.parent.children)];
                    content.map(el => this.portalNode.shadowRoot.querySelector('dom-portal').appendChild(el));
                    return;
                }
                content = this.element.shadowRoot.querySelector('slot').assignedNodes();
                content.map(el => this.portalNode.appendChild(el));
            }
        };
    }
    portalIdChanged() {
        if (!this.projected && this.portalNode) {
            this.portalNode.portalId = this.portalId;
        }
    }
    connectedCallback() {
        if (!this.projected && this.element) {
            this.portalId = onPortalConnected(this.element);
            if (document.querySelector(`[portal-id="${this.portalId}"]`)) {
                return;
            }
        }
        if (!this.projected) {
            const ownerDocument = this.element.ownerDocument;
            const container = this.getContainer(ownerDocument);
            if (this.element.parentElement === null && this.element.parentNode && this.element.parentNode.host) {
                const parent = this.element.parentNode.host;
                this.portalNode = ownerDocument.createElement(parent.tagName);
                parent.setAttribute('portal-id', `${this.portalId}`);
                this.portalNode.setAttribute('portal-id', `${this.portalId}`);
                this.portalNode.setAttribute('projected', '');
                [...Array.from(parent.children)].forEach(child => this.portalNode.appendChild(child));
                container.appendChild(this.portalNode);
                this.addMO(parent);
                this.parent = parent;
            }
            else {
                this.portalNode = ownerDocument.createElement(this.element.tagName);
                this.portalNode.setAttribute('projected', '');
                this.portalNode.setAttribute('portal-id', `${this.portalId}`);
                container.appendChild(this.portalNode);
                this.addMO();
            }
        }
    }
    disconnectedCallback() {
        if (!this.projected) {
            this.portalNode.remove();
            onPortalDisconnected(this.portalId);
        }
    }
    addMO(element = this.element) {
        if ('MutationObserver' in window) {
            this.mo = new MutationObserver(this.project);
            this.mo.observe(element, {
                childList: true,
                attributes: true,
                subtree: true
            });
        }
    }
    render() {
        if (this.projected) {
            return (h(Host, { style: { display: 'contents' } }, h("slot", null)));
        }
        return (h(Host, { "aria-hidden": "true", style: { display: 'none' } }, h("slot", null)));
    }
    get element() { return __stencil_getElement(this); }
    static get watchers() { return {
        "portalId": ["portalIdChanged"]
    }; }
    static get style() { return "STYLE_TEXT_PLACEHOLDER:dom-portal"; }
}
function onPortalConnected(element) {
    portals.push(element);
    return portals.length - 1;
}
function onPortalDisconnected(id) {
    portals.splice(portals.findIndex(p => p.portalId === id), 1);
    portals.forEach((portal, i) => {
        portal.portalId = i;
    });
}
let portals = [];
